=== Iniciando TrimGalore ===
Activando ambiente micromamba: trimgalore
Procesando TrimGalore para todas las muestras...
Procesando muestra: CT_FKDN25H000391-1A_22NWHGLT4_L5
Path to Cutadapt set as: 'cutadapt' (default)
Cutadapt seems to be working fine (tested command 'cutadapt --version')
Cutadapt version: 4.8
Could not detect version of Python used by Cutadapt from the first line of Cutadapt (but found this: >>>#!/bin/sh<<<)
Letting the (modified) Cutadapt deal with the Python version instead
pigz 2.8
Parallel gzip (pigz) detected. Proceeding with multicore (de)compression using 4 cores

igzip command line interface 2.31.0
igzip detected. Using igzip for decompressing

No quality encoding type selected. Assuming that the data provided uses Sanger encoded Phred scores (default)

Output will be written into the directory: /home_local/camda/shaday/barbara/trim/trimmed_reads/


AUTO-DETECTING ADAPTER TYPE
===========================
Attempting to auto-detect adapter type from the first 1 million sequences of the first file (>> /home_local/camda/shaday/barbara/reads/CT_FKDN25H000391-1A_22NWHGLT4_L5_1.fq.gz <<)

Found perfect matches for the following adapter sequences:
Adapter type	Count	Sequence	Sequences analysed	Percentage
Illumina	7300	AGATCGGAAGAGC	1000000	0.73
smallRNA	4	TGGAATTCTCGG	1000000	0.00
Nextera	1	CTGTCTCTTATA	1000000	0.00
Using Illumina adapter for trimming (count: 7300). Second best hit was smallRNA (count: 4)

Writing report to '/home_local/camda/shaday/barbara/trim/trimmed_reads/CT_FKDN25H000391-1A_22NWHGLT4_L5_1.fq.gz_trimming_report.txt'

SUMMARISING RUN PARAMETERS
==========================
Input filename: /home_local/camda/shaday/barbara/reads/CT_FKDN25H000391-1A_22NWHGLT4_L5_1.fq.gz
Trimming mode: paired-end
Trim Galore version: 0.6.10
Cutadapt version: 4.8
Python version: could not detect
Number of cores used for trimming: 4
Quality Phred score cutoff: 20
Quality encoding type selected: ASCII+33
Adapter sequence: 'AGATCGGAAGAGC' (Illumina TruSeq, Sanger iPCR; auto-detected)
Maximum trimming error rate: 0.1 (default)
Minimum required adapter overlap (stringency): 3 bp
Minimum required sequence length for both reads before a sequence pair gets removed: 50 bp
Running FastQC on the data once trimming has completed
Output file(s) will be GZIP compressed

Cutadapt seems to be fairly up-to-date (version 4.8). Setting -j 4
Writing final adapter and quality trimmed output to CT_FKDN25H000391-1A_22NWHGLT4_L5_1_trimmed.fq.gz


  >>> Now performing quality (cutoff '-q 20') and adapter trimming in a single pass for the adapter sequence: 'AGATCGGAAGAGC' from file /home_local/camda/shaday/barbara/reads/CT_FKDN25H000391-1A_22NWHGLT4_L5_1.fq.gz <<< 
10000000 sequences processed
20000000 sequences processed
30000000 sequences processed
This is cutadapt 4.8 with Python 3.10.14
Command line parameters: -j 4 -e 0.1 -q 20 -O 3 -a AGATCGGAAGAGC /home_local/camda/shaday/barbara/reads/CT_FKDN25H000391-1A_22NWHGLT4_L5_1.fq.gz
Processing single-end reads on 4 cores ...
Finished in 327.887 s (8.256 µs/read; 7.27 M reads/minute).

=== Summary ===

Total reads processed:              39,714,661
Reads with adapters:                 1,126,784 (2.8%)
Reads written (passing filters):    39,714,661 (100.0%)

Total basepairs processed: 5,957,199,150 bp
Quality-trimmed:              13,745,800 bp (0.2%)
Total written (filtered):  5,887,773,652 bp (98.8%)

=== Adapter 1 ===

Sequence: AGATCGGAAGAGC; Type: regular 3'; Length: 13; Trimmed: 1126784 times

Minimum overlap: 3
No. of allowed errors:
1-9 bp: 0; 10-13 bp: 1

Bases preceding removed adapters:
  A: 15.6%
  C: 24.7%
  G: 29.7%
  T: 9.9%
  none/other: 20.1%

Overview of removed sequences
length	count	expect	max.err	error counts
3	365312	620541.6	0	365312
4	111451	155135.4	0	111451
5	59326	38783.8	0	59326
6	30867	9696.0	0	30867
7	14372	2424.0	0	14372
8	9268	606.0	0	9268
9	9398	151.5	0	8550 848
10	8881	37.9	1	7809 1072
11	8442	9.5	1	7580 862
12	7559	2.4	1	7161 398
13	6913	0.6	1	6611 302
14	6676	0.6	1	6377 299
15	6531	0.6	1	6242 289
16	6155	0.6	1	5888 267
17	5992	0.6	1	5752 240
18	5638	0.6	1	5397 241
19	5375	0.6	1	5136 239
20	5148	0.6	1	4899 249
21	4924	0.6	1	4717 207
22	4679	0.6	1	4487 192
23	4487	0.6	1	4294 193
24	4299	0.6	1	4117 182
25	4159	0.6	1	3966 193
26	3925	0.6	1	3765 160
27	3813	0.6	1	3628 185
28	3695	0.6	1	3520 175
29	3451	0.6	1	3278 173
30	3265	0.6	1	3135 130
31	3249	0.6	1	3076 173
32	3099	0.6	1	2940 159
33	2886	0.6	1	2741 145
34	2872	0.6	1	2731 141
35	2689	0.6	1	2536 153
36	2664	0.6	1	2503 161
37	2560	0.6	1	2374 186
38	2488	0.6	1	2327 161
39	2309	0.6	1	2166 143
40	2177	0.6	1	2026 151
41	2149	0.6	1	2001 148
42	2064	0.6	1	1925 139
43	2136	0.6	1	1961 175
44	2036	0.6	1	1851 185
45	2046	0.6	1	1789 257
46	2490	0.6	1	2262 228
47	1646	0.6	1	1479 167
48	1754	0.6	1	1624 130
49	1690	0.6	1	1490 200
50	2256	0.6	1	1998 258
51	2108	0.6	1	1846 262
52	3478	0.6	1	3309 169
53	2045	0.6	1	1829 216
54	5363	0.6	1	5102 261
55	5878	0.6	1	5732 146
56	996	0.6	1	898 98
57	1239	0.6	1	1137 102
58	911	0.6	1	823 88
59	482	0.6	1	423 59
60	213	0.6	1	152 61
61	357	0.6	1	295 62
62	240	0.6	1	171 69
63	377	0.6	1	314 63
64	219	0.6	1	154 65
65	140	0.6	1	78 62
66	258	0.6	1	192 66
67	516	0.6	1	439 77
68	318	0.6	1	246 72
69	113	0.6	1	55 58
70	104	0.6	1	44 60
71	113	0.6	1	56 57
72	132	0.6	1	68 64
73	155	0.6	1	78 77
74	175	0.6	1	117 58
75	282	0.6	1	218 64
76	507	0.6	1	415 92
77	641	0.6	1	559 82
78	707	0.6	1	620 87
79	691	0.6	1	592 99
80	731	0.6	1	648 83
81	689	0.6	1	597 92
82	685	0.6	1	589 96
83	683	0.6	1	592 91
84	607	0.6	1	516 91
85	699	0.6	1	602 97
86	674	0.6	1	571 103
87	665	0.6	1	599 66
88	650	0.6	1	567 83
89	665	0.6	1	578 87
90	619	0.6	1	530 89
91	682	0.6	1	564 118
92	643	0.6	1	556 87
93	689	0.6	1	586 103
94	696	0.6	1	590 106
95	615	0.6	1	519 96
96	597	0.6	1	524 73
97	712	0.6	1	607 105
98	602	0.6	1	511 91
99	708	0.6	1	615 93
100	699	0.6	1	603 96
101	712	0.6	1	585 127
102	711	0.6	1	593 118
103	771	0.6	1	653 118
104	706	0.6	1	595 111
105	795	0.6	1	667 128
106	800	0.6	1	680 120
107	842	0.6	1	720 122
108	851	0.6	1	731 120
109	911	0.6	1	790 121
110	925	0.6	1	780 145
111	877	0.6	1	742 135
112	1086	0.6	1	934 152
113	1016	0.6	1	880 136
114	1029	0.6	1	882 147
115	1181	0.6	1	1004 177
116	1244	0.6	1	1091 153
117	1193	0.6	1	1030 163
118	1334	0.6	1	1160 174
119	1350	0.6	1	1163 187
120	1427	0.6	1	1255 172
121	1624	0.6	1	1422 202
122	1705	0.6	1	1480 225
123	1754	0.6	1	1515 239
124	1997	0.6	1	1746 251
125	1919	0.6	1	1698 221
126	1881	0.6	1	1661 220
127	2283	0.6	1	2062 221
128	2207	0.6	1	1963 244
129	2310	0.6	1	2103 207
130	5448	0.6	1	5098 350
131	6059	0.6	1	5459 600
132	3579	0.6	1	3310 269
133	2918	0.6	1	2713 205
134	2544	0.6	1	2353 191
135	2320	0.6	1	2126 194
136	2904	0.6	1	2675 229
137	2400	0.6	1	2223 177
138	2442	0.6	1	2237 205
139	3023	0.6	1	2835 188
140	2791	0.6	1	2556 235
141	2311	0.6	1	2132 179
142	3459	0.6	1	3219 240
143	2973	0.6	1	2783 190
144	2556	0.6	1	2396 160
145	2985	0.6	1	2783 202
146	2856	0.6	1	2608 248
147	1604	0.6	1	1448 156
148	2807	0.6	1	2581 226
149	2284	0.6	1	1233 1051
150	225051	0.6	1	2542 222509

RUN STATISTICS FOR INPUT FILE: /home_local/camda/shaday/barbara/reads/CT_FKDN25H000391-1A_22NWHGLT4_L5_1.fq.gz
=============================================
39714661 sequences processed in total
The length threshold of paired-end sequences gets evaluated later on (in the validation step)

Writing report to '/home_local/camda/shaday/barbara/trim/trimmed_reads/CT_FKDN25H000391-1A_22NWHGLT4_L5_2.fq.gz_trimming_report.txt'

SUMMARISING RUN PARAMETERS
==========================
Input filename: /home_local/camda/shaday/barbara/reads/CT_FKDN25H000391-1A_22NWHGLT4_L5_2.fq.gz
Trimming mode: paired-end
Trim Galore version: 0.6.10
Cutadapt version: 4.8
Python version: could not detect
Number of cores used for trimming: 4
Quality Phred score cutoff: 20
Quality encoding type selected: ASCII+33
Adapter sequence: 'AGATCGGAAGAGC' (Illumina TruSeq, Sanger iPCR; auto-detected)
Maximum trimming error rate: 0.1 (default)
Minimum required adapter overlap (stringency): 3 bp
Minimum required sequence length for both reads before a sequence pair gets removed: 50 bp
Running FastQC on the data once trimming has completed
Output file(s) will be GZIP compressed

Cutadapt seems to be fairly up-to-date (version 4.8). Setting -j -j 4
Writing final adapter and quality trimmed output to CT_FKDN25H000391-1A_22NWHGLT4_L5_2_trimmed.fq.gz


  >>> Now performing quality (cutoff '-q 20') and adapter trimming in a single pass for the adapter sequence: 'AGATCGGAAGAGC' from file /home_local/camda/shaday/barbara/reads/CT_FKDN25H000391-1A_22NWHGLT4_L5_2.fq.gz <<< 
10000000 sequences processed
20000000 sequences processed
30000000 sequences processed
This is cutadapt 4.8 with Python 3.10.14
Command line parameters: -j 4 -e 0.1 -q 20 -O 3 -a AGATCGGAAGAGC /home_local/camda/shaday/barbara/reads/CT_FKDN25H000391-1A_22NWHGLT4_L5_2.fq.gz
Processing single-end reads on 4 cores ...
Finished in 333.248 s (8.391 µs/read; 7.15 M reads/minute).

=== Summary ===

Total reads processed:              39,714,661
Reads with adapters:                   899,243 (2.3%)
Reads written (passing filters):    39,714,661 (100.0%)

Total basepairs processed: 5,957,199,150 bp
Quality-trimmed:              31,078,282 bp (0.5%)
Total written (filtered):  5,904,286,246 bp (99.1%)

=== Adapter 1 ===

Sequence: AGATCGGAAGAGC; Type: regular 3'; Length: 13; Trimmed: 899243 times

Minimum overlap: 3
No. of allowed errors:
1-9 bp: 0; 10-13 bp: 1

Bases preceding removed adapters:
  A: 19.5%
  C: 30.8%
  G: 37.0%
  T: 12.4%
  none/other: 0.3%

Overview of removed sequences
length	count	expect	max.err	error counts
3	366441	620541.6	0	366441
4	110580	155135.4	0	110580
5	59547	38783.8	0	59547
6	30257	9696.0	0	30257
7	14157	2424.0	0	14157
8	9346	606.0	0	9346
9	9380	151.5	0	8600 780
10	9050	37.9	1	7847 1203
11	8572	9.5	1	7698 874
12	8116	2.4	1	7708 408
13	6443	0.6	1	6249 194
14	6701	0.6	1	6395 306
15	6488	0.6	1	6215 273
16	5993	0.6	1	5733 260
17	6048	0.6	1	5761 287
18	5658	0.6	1	5409 249
19	8655	0.6	1	8201 454
20	4148	0.6	1	3959 189
21	3681	0.6	1	3528 153
22	4179	0.6	1	4020 159
23	4420	0.6	1	4221 199
24	6001	0.6	1	5609 392
25	3593	0.6	1	3416 177
26	3973	0.6	1	3796 177
27	6771	0.6	1	6503 268
28	2788	0.6	1	2645 143
29	4594	0.6	1	4422 172
30	3627	0.6	1	3472 155
31	2264	0.6	1	2163 101
32	3364	0.6	1	3167 197
33	5460	0.6	1	5309 151
34	2059	0.6	1	1952 107
35	2356	0.6	1	2238 118
36	2547	0.6	1	2451 96
37	3419	0.6	1	3299 120
38	1331	0.6	1	1260 71
39	1948	0.6	1	1857 91
40	2032	0.6	1	1939 93
41	1628	0.6	1	1516 112
42	2266	0.6	1	2172 94
43	1516	0.6	1	1432 84
44	1084	0.6	1	999 85
45	1765	0.6	1	1678 87
46	1340	0.6	1	1235 105
47	3257	0.6	1	3147 110
48	758	0.6	1	672 86
49	978	0.6	1	896 82
50	1926	0.6	1	1828 98
51	1010	0.6	1	920 90
52	1259	0.6	1	1186 73
53	1043	0.6	1	953 90
54	1768	0.6	1	1681 87
55	405	0.6	1	341 64
56	1150	0.6	1	1067 83
57	1147	0.6	1	1084 63
58	774	0.6	1	711 63
59	1517	0.6	1	1446 71
60	1450	0.6	1	1383 67
61	793	0.6	1	721 72
62	784	0.6	1	719 65
63	672	0.6	1	615 57
64	1343	0.6	1	1260 83
65	319	0.6	1	251 68
66	988	0.6	1	914 74
67	472	0.6	1	402 70
68	604	0.6	1	536 68
69	901	0.6	1	831 70
70	394	0.6	1	320 74
71	330	0.6	1	261 69
72	911	0.6	1	849 62
73	219	0.6	1	164 55
74	658	0.6	1	579 79
75	722	0.6	1	662 60
76	986	0.6	1	905 81
77	1091	0.6	1	1020 71
78	264	0.6	1	197 67
79	249	0.6	1	186 63
80	518	0.6	1	447 71
81	597	0.6	1	523 74
82	641	0.6	1	565 76
83	625	0.6	1	550 75
84	599	0.6	1	533 66
85	691	0.6	1	614 77
86	670	0.6	1	598 72
87	673	0.6	1	605 68
88	664	0.6	1	589 75
89	692	0.6	1	613 79
90	635	0.6	1	564 71
91	666	0.6	1	601 65
92	709	0.6	1	624 85
93	697	0.6	1	617 80
94	705	0.6	1	630 75
95	647	0.6	1	566 81
96	655	0.6	1	591 64
97	724	0.6	1	647 77
98	650	0.6	1	553 97
99	748	0.6	1	660 88
100	751	0.6	1	668 83
101	767	0.6	1	669 98
102	749	0.6	1	660 89
103	783	0.6	1	706 77
104	750	0.6	1	660 90
105	846	0.6	1	756 90
106	860	0.6	1	755 105
107	876	0.6	1	780 96
108	928	0.6	1	822 106
109	968	0.6	1	874 94
110	943	0.6	1	856 87
111	961	0.6	1	861 100
112	1154	0.6	1	1053 101
113	1097	0.6	1	996 101
114	1096	0.6	1	1001 95
115	1197	0.6	1	1094 103
116	1250	0.6	1	1170 80
117	1249	0.6	1	1159 90
118	1379	0.6	1	1277 102
119	1384	0.6	1	1294 90
120	1457	0.6	1	1376 81
121	1642	0.6	1	1549 93
122	1722	0.6	1	1603 119
123	3250	0.6	1	3053 197
124	1974	0.6	1	1863 111
125	1898	0.6	1	1788 110
126	1844	0.6	1	1720 124
127	2231	0.6	1	2109 122
128	2140	0.6	1	2027 113
129	2266	0.6	1	2142 124
130	5357	0.6	1	5133 224
131	5205	0.6	1	3746 1459
132	2591	0.6	1	2347 244
133	2774	0.6	1	2615 159
134	2494	0.6	1	2366 128
135	2188	0.6	1	2047 141
136	2788	0.6	1	2635 153
137	2355	0.6	1	2222 133
138	2282	0.6	1	2173 109
139	2949	0.6	1	2798 151
140	2691	0.6	1	2577 114
141	2241	0.6	1	2115 126
142	3349	0.6	1	3193 156
143	2935	0.6	1	2797 138
144	2482	0.6	1	2365 117
145	2892	0.6	1	2770 122
146	2745	0.6	1	2617 128
147	1525	0.6	1	1429 96
148	2702	0.6	1	2576 126
149	1330	0.6	1	1230 100
150	3022	0.6	1	2549 473

RUN STATISTICS FOR INPUT FILE: /home_local/camda/shaday/barbara/reads/CT_FKDN25H000391-1A_22NWHGLT4_L5_2.fq.gz
=============================================
39714661 sequences processed in total
The length threshold of paired-end sequences gets evaluated later on (in the validation step)

Validate paired-end files CT_FKDN25H000391-1A_22NWHGLT4_L5_1_trimmed.fq.gz and CT_FKDN25H000391-1A_22NWHGLT4_L5_2_trimmed.fq.gz
file_1: CT_FKDN25H000391-1A_22NWHGLT4_L5_1_trimmed.fq.gz, file_2: CT_FKDN25H000391-1A_22NWHGLT4_L5_2_trimmed.fq.gz


>>>>> Now validing the length of the 2 paired-end infiles: CT_FKDN25H000391-1A_22NWHGLT4_L5_1_trimmed.fq.gz and CT_FKDN25H000391-1A_22NWHGLT4_L5_2_trimmed.fq.gz <<<<<
Writing validated paired-end Read 1 reads to CT_FKDN25H000391-1A_22NWHGLT4_L5_1_val_1.fq.gz
Writing validated paired-end Read 2 reads to CT_FKDN25H000391-1A_22NWHGLT4_L5_2_val_2.fq.gz

Total number of sequences analysed: 39714661

Number of sequence pairs removed because at least one read was shorter than the length cutoff (50 bp): 485729 (1.22%)


  >>> Now running FastQC on the validated data CT_FKDN25H000391-1A_22NWHGLT4_L5_1_val_1.fq.gz<<<

application/gzip
Started analysis of CT_FKDN25H000391-1A_22NWHGLT4_L5_1_val_1.fq.gz
Approx 5% complete for CT_FKDN25H000391-1A_22NWHGLT4_L5_1_val_1.fq.gz
Approx 10% complete for CT_FKDN25H000391-1A_22NWHGLT4_L5_1_val_1.fq.gz
Approx 15% complete for CT_FKDN25H000391-1A_22NWHGLT4_L5_1_val_1.fq.gz
Approx 20% complete for CT_FKDN25H000391-1A_22NWHGLT4_L5_1_val_1.fq.gz
Approx 25% complete for CT_FKDN25H000391-1A_22NWHGLT4_L5_1_val_1.fq.gz
Approx 30% complete for CT_FKDN25H000391-1A_22NWHGLT4_L5_1_val_1.fq.gz
Approx 35% complete for CT_FKDN25H000391-1A_22NWHGLT4_L5_1_val_1.fq.gz
Approx 40% complete for CT_FKDN25H000391-1A_22NWHGLT4_L5_1_val_1.fq.gz
Approx 45% complete for CT_FKDN25H000391-1A_22NWHGLT4_L5_1_val_1.fq.gz
Approx 50% complete for CT_FKDN25H000391-1A_22NWHGLT4_L5_1_val_1.fq.gz
Approx 55% complete for CT_FKDN25H000391-1A_22NWHGLT4_L5_1_val_1.fq.gz
Approx 60% complete for CT_FKDN25H000391-1A_22NWHGLT4_L5_1_val_1.fq.gz
Approx 65% complete for CT_FKDN25H000391-1A_22NWHGLT4_L5_1_val_1.fq.gz
Approx 70% complete for CT_FKDN25H000391-1A_22NWHGLT4_L5_1_val_1.fq.gz
Approx 75% complete for CT_FKDN25H000391-1A_22NWHGLT4_L5_1_val_1.fq.gz
Approx 80% complete for CT_FKDN25H000391-1A_22NWHGLT4_L5_1_val_1.fq.gz
Approx 85% complete for CT_FKDN25H000391-1A_22NWHGLT4_L5_1_val_1.fq.gz
Approx 90% complete for CT_FKDN25H000391-1A_22NWHGLT4_L5_1_val_1.fq.gz
Approx 95% complete for CT_FKDN25H000391-1A_22NWHGLT4_L5_1_val_1.fq.gz
Analysis complete for CT_FKDN25H000391-1A_22NWHGLT4_L5_1_val_1.fq.gz

  >>> Now running FastQC on the validated data CT_FKDN25H000391-1A_22NWHGLT4_L5_2_val_2.fq.gz<<<

application/gzip
Started analysis of CT_FKDN25H000391-1A_22NWHGLT4_L5_2_val_2.fq.gz
Approx 5% complete for CT_FKDN25H000391-1A_22NWHGLT4_L5_2_val_2.fq.gz
Approx 10% complete for CT_FKDN25H000391-1A_22NWHGLT4_L5_2_val_2.fq.gz
Approx 15% complete for CT_FKDN25H000391-1A_22NWHGLT4_L5_2_val_2.fq.gz
Approx 20% complete for CT_FKDN25H000391-1A_22NWHGLT4_L5_2_val_2.fq.gz
Approx 25% complete for CT_FKDN25H000391-1A_22NWHGLT4_L5_2_val_2.fq.gz
Approx 30% complete for CT_FKDN25H000391-1A_22NWHGLT4_L5_2_val_2.fq.gz
Approx 35% complete for CT_FKDN25H000391-1A_22NWHGLT4_L5_2_val_2.fq.gz
Approx 40% complete for CT_FKDN25H000391-1A_22NWHGLT4_L5_2_val_2.fq.gz
Approx 45% complete for CT_FKDN25H000391-1A_22NWHGLT4_L5_2_val_2.fq.gz
Approx 50% complete for CT_FKDN25H000391-1A_22NWHGLT4_L5_2_val_2.fq.gz
Approx 55% complete for CT_FKDN25H000391-1A_22NWHGLT4_L5_2_val_2.fq.gz
Approx 60% complete for CT_FKDN25H000391-1A_22NWHGLT4_L5_2_val_2.fq.gz
Approx 65% complete for CT_FKDN25H000391-1A_22NWHGLT4_L5_2_val_2.fq.gz
Approx 70% complete for CT_FKDN25H000391-1A_22NWHGLT4_L5_2_val_2.fq.gz
Approx 75% complete for CT_FKDN25H000391-1A_22NWHGLT4_L5_2_val_2.fq.gz
Approx 80% complete for CT_FKDN25H000391-1A_22NWHGLT4_L5_2_val_2.fq.gz
Approx 85% complete for CT_FKDN25H000391-1A_22NWHGLT4_L5_2_val_2.fq.gz
Approx 90% complete for CT_FKDN25H000391-1A_22NWHGLT4_L5_2_val_2.fq.gz
Approx 95% complete for CT_FKDN25H000391-1A_22NWHGLT4_L5_2_val_2.fq.gz
Analysis complete for CT_FKDN25H000391-1A_22NWHGLT4_L5_2_val_2.fq.gz
Deleting both intermediate output files CT_FKDN25H000391-1A_22NWHGLT4_L5_1_trimmed.fq.gz and CT_FKDN25H000391-1A_22NWHGLT4_L5_2_trimmed.fq.gz

====================================================================================================

✓ TrimGalore completado para CT_FKDN25H000391-1A_22NWHGLT4_L5
Procesando muestra: ST_FKDN25H000392-1A_22NWHGLT4_L5
Path to Cutadapt set as: 'cutadapt' (default)
Cutadapt seems to be working fine (tested command 'cutadapt --version')
Cutadapt version: 4.8
Could not detect version of Python used by Cutadapt from the first line of Cutadapt (but found this: >>>#!/bin/sh<<<)
Letting the (modified) Cutadapt deal with the Python version instead
pigz 2.8
Parallel gzip (pigz) detected. Proceeding with multicore (de)compression using 4 cores

igzip command line interface 2.31.0
igzip detected. Using igzip for decompressing

No quality encoding type selected. Assuming that the data provided uses Sanger encoded Phred scores (default)

Output will be written into the directory: /home_local/camda/shaday/barbara/trim/trimmed_reads/


AUTO-DETECTING ADAPTER TYPE
===========================
Attempting to auto-detect adapter type from the first 1 million sequences of the first file (>> /home_local/camda/shaday/barbara/reads/ST_FKDN25H000392-1A_22NWHGLT4_L5_1.fq.gz <<)

Found perfect matches for the following adapter sequences:
Adapter type	Count	Sequence	Sequences analysed	Percentage
Illumina	6844	AGATCGGAAGAGC	1000000	0.68
smallRNA	9	TGGAATTCTCGG	1000000	0.00
Nextera	0	CTGTCTCTTATA	1000000	0.00
Using Illumina adapter for trimming (count: 6844). Second best hit was smallRNA (count: 9)

Writing report to '/home_local/camda/shaday/barbara/trim/trimmed_reads/ST_FKDN25H000392-1A_22NWHGLT4_L5_1.fq.gz_trimming_report.txt'

SUMMARISING RUN PARAMETERS
==========================
Input filename: /home_local/camda/shaday/barbara/reads/ST_FKDN25H000392-1A_22NWHGLT4_L5_1.fq.gz
Trimming mode: paired-end
Trim Galore version: 0.6.10
Cutadapt version: 4.8
Python version: could not detect
Number of cores used for trimming: 4
Quality Phred score cutoff: 20
Quality encoding type selected: ASCII+33
Adapter sequence: 'AGATCGGAAGAGC' (Illumina TruSeq, Sanger iPCR; auto-detected)
Maximum trimming error rate: 0.1 (default)
Minimum required adapter overlap (stringency): 3 bp
Minimum required sequence length for both reads before a sequence pair gets removed: 50 bp
Running FastQC on the data once trimming has completed
Output file(s) will be GZIP compressed

Cutadapt seems to be fairly up-to-date (version 4.8). Setting -j 4
Writing final adapter and quality trimmed output to ST_FKDN25H000392-1A_22NWHGLT4_L5_1_trimmed.fq.gz


  >>> Now performing quality (cutoff '-q 20') and adapter trimming in a single pass for the adapter sequence: 'AGATCGGAAGAGC' from file /home_local/camda/shaday/barbara/reads/ST_FKDN25H000392-1A_22NWHGLT4_L5_1.fq.gz <<< 
10000000 sequences processed
20000000 sequences processed
30000000 sequences processed
This is cutadapt 4.8 with Python 3.10.14
Command line parameters: -j 4 -e 0.1 -q 20 -O 3 -a AGATCGGAAGAGC /home_local/camda/shaday/barbara/reads/ST_FKDN25H000392-1A_22NWHGLT4_L5_1.fq.gz
Processing single-end reads on 4 cores ...
Finished in 267.528 s (8.339 µs/read; 7.19 M reads/minute).

=== Summary ===

Total reads processed:              32,080,853
Reads with adapters:                 1,010,247 (3.1%)
Reads written (passing filters):    32,080,853 (100.0%)

Total basepairs processed: 4,812,127,950 bp
Quality-trimmed:               9,883,583 bp (0.2%)
Total written (filtered):  4,744,460,416 bp (98.6%)

=== Adapter 1 ===

Sequence: AGATCGGAAGAGC; Type: regular 3'; Length: 13; Trimmed: 1010247 times

Minimum overlap: 3
No. of allowed errors:
1-9 bp: 0; 10-13 bp: 1

Bases preceding removed adapters:
  A: 14.3%
  C: 21.1%
  G: 28.4%
  T: 8.3%
  none/other: 28.0%

Overview of removed sequences
length	count	expect	max.err	error counts
3	305234	501263.3	0	305234
4	92623	125315.8	0	92623
5	49115	31329.0	0	49115
6	24851	7832.2	0	24851
7	10981	1958.1	0	10981
8	6959	489.5	0	6959
9	7420	122.4	0	6685 735
10	7174	30.6	1	6085 1089
11	6603	7.6	1	5838 765
12	6026	1.9	1	5683 343
13	5341	0.5	1	5114 227
14	5582	0.5	1	5327 255
15	4725	0.5	1	4536 189
16	4890	0.5	1	4638 252
17	4707	0.5	1	4492 215
18	4274	0.5	1	4092 182
19	4381	0.5	1	4169 212
20	4139	0.5	1	3935 204
21	3979	0.5	1	3774 205
22	3719	0.5	1	3524 195
23	3701	0.5	1	3513 188
24	3491	0.5	1	3329 162
25	3382	0.5	1	3209 173
26	3251	0.5	1	3090 161
27	3043	0.5	1	2870 173
28	2992	0.5	1	2803 189
29	2832	0.5	1	2659 173
30	2731	0.5	1	2583 148
31	2703	0.5	1	2524 179
32	2573	0.5	1	2440 133
33	2388	0.5	1	2233 155
34	2387	0.5	1	2253 134
35	2182	0.5	1	2039 143
36	2238	0.5	1	2095 143
37	2128	0.5	1	2007 121
38	2077	0.5	1	1920 157
39	1969	0.5	1	1829 140
40	1937	0.5	1	1791 146
41	2061	0.5	1	1851 210
42	1990	0.5	1	1817 173
43	1795	0.5	1	1632 163
44	1987	0.5	1	1801 186
45	1995	0.5	1	1711 284
46	2491	0.5	1	2193 298
47	1679	0.5	1	1435 244
48	1808	0.5	1	1660 148
49	1232	0.5	1	1021 211
50	2595	0.5	1	2300 295
51	3350	0.5	1	3084 266
52	5700	0.5	1	5484 216
53	1232	0.5	1	1053 179
54	4080	0.5	1	3912 168
55	2322	0.5	1	2198 124
56	325	0.5	1	240 85
57	566	0.5	1	489 77
58	368	0.5	1	304 64
59	195	0.5	1	126 69
60	199	0.5	1	137 62
61	418	0.5	1	356 62
62	193	0.5	1	116 77
63	381	0.5	1	315 66
64	108	0.5	1	62 46
65	97	0.5	1	48 49
66	257	0.5	1	201 56
67	566	0.5	1	505 61
68	185	0.5	1	130 55
69	126	0.5	1	67 59
70	132	0.5	1	70 62
71	110	0.5	1	64 46
72	148	0.5	1	95 53
73	175	0.5	1	110 65
74	166	0.5	1	103 63
75	316	0.5	1	258 58
76	499	0.5	1	435 64
77	576	0.5	1	505 71
78	625	0.5	1	521 104
79	649	0.5	1	572 77
80	650	0.5	1	562 88
81	634	0.5	1	541 93
82	677	0.5	1	584 93
83	618	0.5	1	511 107
84	640	0.5	1	536 104
85	669	0.5	1	575 94
86	648	0.5	1	558 90
87	583	0.5	1	500 83
88	609	0.5	1	533 76
89	600	0.5	1	512 88
90	621	0.5	1	522 99
91	650	0.5	1	562 88
92	629	0.5	1	547 82
93	592	0.5	1	514 78
94	633	0.5	1	527 106
95	641	0.5	1	540 101
96	606	0.5	1	517 89
97	633	0.5	1	537 96
98	709	0.5	1	598 111
99	656	0.5	1	553 103
100	717	0.5	1	617 100
101	702	0.5	1	614 88
102	689	0.5	1	598 91
103	749	0.5	1	648 101
104	727	0.5	1	625 102
105	700	0.5	1	610 90
106	859	0.5	1	757 102
107	782	0.5	1	681 101
108	792	0.5	1	698 94
109	835	0.5	1	737 98
110	870	0.5	1	769 101
111	917	0.5	1	798 119
112	1021	0.5	1	916 105
113	944	0.5	1	847 97
114	955	0.5	1	830 125
115	1044	0.5	1	917 127
116	1077	0.5	1	933 144
117	1117	0.5	1	984 133
118	1108	0.5	1	980 128
119	1176	0.5	1	1038 138
120	1172	0.5	1	1054 118
121	1443	0.5	1	1292 151
122	1345	0.5	1	1207 138
123	1448	0.5	1	1305 143
124	1560	0.5	1	1387 173
125	1486	0.5	1	1363 123
126	1545	0.5	1	1393 152
127	1781	0.5	1	1624 157
128	1726	0.5	1	1539 187
129	1725	0.5	1	1569 156
130	2827	0.5	1	2642 185
131	3131	0.5	1	2753 378
132	1930	0.5	1	1734 196
133	1619	0.5	1	1502 117
134	1572	0.5	1	1446 126
135	1240	0.5	1	1138 102
136	1594	0.5	1	1440 154
137	1281	0.5	1	1153 128
138	1296	0.5	1	1153 143
139	1412	0.5	1	1266 146
140	1387	0.5	1	1269 118
141	1099	0.5	1	966 133
142	1411	0.5	1	1269 142
143	1165	0.5	1	1049 116
144	1047	0.5	1	924 123
145	1174	0.5	1	1043 131
146	1116	0.5	1	955 161
147	706	0.5	1	549 157
148	1078	0.5	1	900 178
149	1514	0.5	1	464 1050
150	280513	0.5	1	1041 279472

RUN STATISTICS FOR INPUT FILE: /home_local/camda/shaday/barbara/reads/ST_FKDN25H000392-1A_22NWHGLT4_L5_1.fq.gz
=============================================
32080853 sequences processed in total
The length threshold of paired-end sequences gets evaluated later on (in the validation step)

Writing report to '/home_local/camda/shaday/barbara/trim/trimmed_reads/ST_FKDN25H000392-1A_22NWHGLT4_L5_2.fq.gz_trimming_report.txt'

SUMMARISING RUN PARAMETERS
==========================
Input filename: /home_local/camda/shaday/barbara/reads/ST_FKDN25H000392-1A_22NWHGLT4_L5_2.fq.gz
Trimming mode: paired-end
Trim Galore version: 0.6.10
Cutadapt version: 4.8
Python version: could not detect
Number of cores used for trimming: 4
Quality Phred score cutoff: 20
Quality encoding type selected: ASCII+33
Adapter sequence: 'AGATCGGAAGAGC' (Illumina TruSeq, Sanger iPCR; auto-detected)
Maximum trimming error rate: 0.1 (default)
Minimum required adapter overlap (stringency): 3 bp
Minimum required sequence length for both reads before a sequence pair gets removed: 50 bp
Running FastQC on the data once trimming has completed
Output file(s) will be GZIP compressed

Cutadapt seems to be fairly up-to-date (version 4.8). Setting -j -j 4
Writing final adapter and quality trimmed output to ST_FKDN25H000392-1A_22NWHGLT4_L5_2_trimmed.fq.gz


  >>> Now performing quality (cutoff '-q 20') and adapter trimming in a single pass for the adapter sequence: 'AGATCGGAAGAGC' from file /home_local/camda/shaday/barbara/reads/ST_FKDN25H000392-1A_22NWHGLT4_L5_2.fq.gz <<< 
10000000 sequences processed
20000000 sequences processed
30000000 sequences processed
This is cutadapt 4.8 with Python 3.10.14
Command line parameters: -j 4 -e 0.1 -q 20 -O 3 -a AGATCGGAAGAGC /home_local/camda/shaday/barbara/reads/ST_FKDN25H000392-1A_22NWHGLT4_L5_2.fq.gz
Processing single-end reads on 4 cores ...
Finished in 273.020 s (8.510 µs/read; 7.05 M reads/minute).

=== Summary ===

Total reads processed:              32,080,853
Reads with adapters:                   724,220 (2.3%)
Reads written (passing filters):    32,080,853 (100.0%)

Total basepairs processed: 4,812,127,950 bp
Quality-trimmed:              24,609,007 bp (0.5%)
Total written (filtered):  4,771,880,620 bp (99.2%)

=== Adapter 1 ===

Sequence: AGATCGGAAGAGC; Type: regular 3'; Length: 13; Trimmed: 724220 times

Minimum overlap: 3
No. of allowed errors:
1-9 bp: 0; 10-13 bp: 1

Bases preceding removed adapters:
  A: 20.6%
  C: 30.3%
  G: 36.4%
  T: 12.5%
  none/other: 0.2%

Overview of removed sequences
length	count	expect	max.err	error counts
3	304096	501263.3	0	304096
4	92138	125315.8	0	92138
5	48077	31329.0	0	48077
6	24437	7832.2	0	24437
7	10968	1958.1	0	10968
8	6966	489.5	0	6966
9	7377	122.4	0	6678 699
10	7078	30.6	1	6070 1008
11	6568	7.6	1	5889 679
12	6088	1.9	1	5748 340
13	5280	0.5	1	5112 168
14	5412	0.5	1	5160 252
15	4971	0.5	1	4778 193
16	4728	0.5	1	4551 177
17	4784	0.5	1	4561 223
18	4308	0.5	1	4149 159
19	6709	0.5	1	6417 292
20	3468	0.5	1	3336 132
21	2909	0.5	1	2802 107
22	3349	0.5	1	3220 129
23	3701	0.5	1	3534 167
24	4564	0.5	1	4328 236
25	2933	0.5	1	2814 119
26	3261	0.5	1	3117 144
27	4681	0.5	1	4517 164
28	2194	0.5	1	2082 112
29	3543	0.5	1	3414 129
30	2571	0.5	1	2451 120
31	2154	0.5	1	2061 93
32	2588	0.5	1	2480 108
33	2533	0.5	1	2444 89
34	2180	0.5	1	2078 102
35	3652	0.5	1	3550 102
36	1202	0.5	1	1125 77
37	2674	0.5	1	2572 102
38	2686	0.5	1	2593 93
39	1056	0.5	1	976 80
40	1727	0.5	1	1644 83
41	2710	0.5	1	2612 98
42	1177	0.5	1	1116 61
43	3039	0.5	1	2955 84
44	1389	0.5	1	1307 82
45	1340	0.5	1	1276 64
46	1165	0.5	1	1091 74
47	3437	0.5	1	3348 89
48	539	0.5	1	492 47
49	880	0.5	1	825 55
50	1870	0.5	1	1795 75
51	776	0.5	1	734 42
52	1094	0.5	1	1041 53
53	1080	0.5	1	1021 59
54	1657	0.5	1	1590 67
55	295	0.5	1	233 62
56	1106	0.5	1	1020 86
57	978	0.5	1	923 55
58	635	0.5	1	583 52
59	1742	0.5	1	1660 82
60	1346	0.5	1	1299 47
61	556	0.5	1	502 54
62	651	0.5	1	575 76
63	440	0.5	1	380 60
64	1223	0.5	1	1169 54
65	330	0.5	1	256 74
66	735	0.5	1	676 59
67	402	0.5	1	330 72
68	518	0.5	1	448 70
69	698	0.5	1	635 63
70	343	0.5	1	286 57
71	254	0.5	1	200 54
72	788	0.5	1	726 62
73	174	0.5	1	120 54
74	569	0.5	1	490 79
75	679	0.5	1	602 77
76	788	0.5	1	728 60
77	806	0.5	1	751 55
78	213	0.5	1	156 57
79	221	0.5	1	177 44
80	449	0.5	1	401 48
81	555	0.5	1	480 75
82	589	0.5	1	541 48
83	584	0.5	1	534 50
84	612	0.5	1	542 70
85	647	0.5	1	584 63
86	654	0.5	1	598 56
87	579	0.5	1	517 62
88	624	0.5	1	562 62
89	631	0.5	1	575 56
90	607	0.5	1	546 61
91	680	0.5	1	613 67
92	652	0.5	1	582 70
93	603	0.5	1	547 56
94	651	0.5	1	578 73
95	650	0.5	1	580 70
96	631	0.5	1	575 56
97	656	0.5	1	590 66
98	752	0.5	1	683 69
99	701	0.5	1	630 71
100	782	0.5	1	720 62
101	752	0.5	1	682 70
102	704	0.5	1	648 56
103	796	0.5	1	717 79
104	809	0.5	1	725 84
105	739	0.5	1	669 70
106	882	0.5	1	824 58
107	784	0.5	1	716 68
108	827	0.5	1	744 83
109	886	0.5	1	815 71
110	912	0.5	1	847 65
111	959	0.5	1	881 78
112	1061	0.5	1	982 79
113	1034	0.5	1	939 95
114	985	0.5	1	899 86
115	1093	0.5	1	1030 63
116	1135	0.5	1	1040 95
117	1158	0.5	1	1086 72
118	1155	0.5	1	1076 79
119	1205	0.5	1	1121 84
120	1205	0.5	1	1129 76
121	1464	0.5	1	1381 83
122	1392	0.5	1	1299 93
123	2656	0.5	1	2553 103
124	1572	0.5	1	1481 91
125	1510	0.5	1	1431 79
126	1506	0.5	1	1421 85
127	1743	0.5	1	1646 97
128	1693	0.5	1	1615 78
129	1703	0.5	1	1606 97
130	2787	0.5	1	2648 139
131	2863	0.5	1	2318 545
132	1638	0.5	1	1449 189
133	1559	0.5	1	1437 122
134	1527	0.5	1	1420 107
135	1186	0.5	1	1093 93
136	1498	0.5	1	1382 116
137	1258	0.5	1	1148 110
138	1182	0.5	1	1069 113
139	1394	0.5	1	1260 134
140	1328	0.5	1	1215 113
141	1033	0.5	1	939 94
142	1341	0.5	1	1206 135
143	1122	0.5	1	1020 102
144	984	0.5	1	898 86
145	1127	0.5	1	1034 93
146	1011	0.5	1	921 90
147	619	0.5	1	546 73
148	980	0.5	1	897 83
149	531	0.5	1	455 76
150	1389	0.5	1	1046 343

RUN STATISTICS FOR INPUT FILE: /home_local/camda/shaday/barbara/reads/ST_FKDN25H000392-1A_22NWHGLT4_L5_2.fq.gz
=============================================
32080853 sequences processed in total
The length threshold of paired-end sequences gets evaluated later on (in the validation step)

Validate paired-end files ST_FKDN25H000392-1A_22NWHGLT4_L5_1_trimmed.fq.gz and ST_FKDN25H000392-1A_22NWHGLT4_L5_2_trimmed.fq.gz
file_1: ST_FKDN25H000392-1A_22NWHGLT4_L5_1_trimmed.fq.gz, file_2: ST_FKDN25H000392-1A_22NWHGLT4_L5_2_trimmed.fq.gz


>>>>> Now validing the length of the 2 paired-end infiles: ST_FKDN25H000392-1A_22NWHGLT4_L5_1_trimmed.fq.gz and ST_FKDN25H000392-1A_22NWHGLT4_L5_2_trimmed.fq.gz <<<<<
Writing validated paired-end Read 1 reads to ST_FKDN25H000392-1A_22NWHGLT4_L5_1_val_1.fq.gz
Writing validated paired-end Read 2 reads to ST_FKDN25H000392-1A_22NWHGLT4_L5_2_val_2.fq.gz

Total number of sequences analysed: 32080853

Number of sequence pairs removed because at least one read was shorter than the length cutoff (50 bp): 471584 (1.47%)


  >>> Now running FastQC on the validated data ST_FKDN25H000392-1A_22NWHGLT4_L5_1_val_1.fq.gz<<<

application/gzip
Started analysis of ST_FKDN25H000392-1A_22NWHGLT4_L5_1_val_1.fq.gz
Approx 5% complete for ST_FKDN25H000392-1A_22NWHGLT4_L5_1_val_1.fq.gz
Approx 10% complete for ST_FKDN25H000392-1A_22NWHGLT4_L5_1_val_1.fq.gz
Approx 15% complete for ST_FKDN25H000392-1A_22NWHGLT4_L5_1_val_1.fq.gz
Approx 20% complete for ST_FKDN25H000392-1A_22NWHGLT4_L5_1_val_1.fq.gz
Approx 25% complete for ST_FKDN25H000392-1A_22NWHGLT4_L5_1_val_1.fq.gz
Approx 30% complete for ST_FKDN25H000392-1A_22NWHGLT4_L5_1_val_1.fq.gz
Approx 35% complete for ST_FKDN25H000392-1A_22NWHGLT4_L5_1_val_1.fq.gz
Approx 40% complete for ST_FKDN25H000392-1A_22NWHGLT4_L5_1_val_1.fq.gz
Approx 45% complete for ST_FKDN25H000392-1A_22NWHGLT4_L5_1_val_1.fq.gz
Approx 50% complete for ST_FKDN25H000392-1A_22NWHGLT4_L5_1_val_1.fq.gz
Approx 55% complete for ST_FKDN25H000392-1A_22NWHGLT4_L5_1_val_1.fq.gz
Approx 60% complete for ST_FKDN25H000392-1A_22NWHGLT4_L5_1_val_1.fq.gz
Approx 65% complete for ST_FKDN25H000392-1A_22NWHGLT4_L5_1_val_1.fq.gz
Approx 70% complete for ST_FKDN25H000392-1A_22NWHGLT4_L5_1_val_1.fq.gz
Approx 75% complete for ST_FKDN25H000392-1A_22NWHGLT4_L5_1_val_1.fq.gz
Approx 80% complete for ST_FKDN25H000392-1A_22NWHGLT4_L5_1_val_1.fq.gz
Approx 85% complete for ST_FKDN25H000392-1A_22NWHGLT4_L5_1_val_1.fq.gz
Approx 90% complete for ST_FKDN25H000392-1A_22NWHGLT4_L5_1_val_1.fq.gz
Approx 95% complete for ST_FKDN25H000392-1A_22NWHGLT4_L5_1_val_1.fq.gz
Analysis complete for ST_FKDN25H000392-1A_22NWHGLT4_L5_1_val_1.fq.gz

  >>> Now running FastQC on the validated data ST_FKDN25H000392-1A_22NWHGLT4_L5_2_val_2.fq.gz<<<

application/gzip
Started analysis of ST_FKDN25H000392-1A_22NWHGLT4_L5_2_val_2.fq.gz
Approx 5% complete for ST_FKDN25H000392-1A_22NWHGLT4_L5_2_val_2.fq.gz
Approx 10% complete for ST_FKDN25H000392-1A_22NWHGLT4_L5_2_val_2.fq.gz
Approx 15% complete for ST_FKDN25H000392-1A_22NWHGLT4_L5_2_val_2.fq.gz
Approx 20% complete for ST_FKDN25H000392-1A_22NWHGLT4_L5_2_val_2.fq.gz
Approx 25% complete for ST_FKDN25H000392-1A_22NWHGLT4_L5_2_val_2.fq.gz
Approx 30% complete for ST_FKDN25H000392-1A_22NWHGLT4_L5_2_val_2.fq.gz
Approx 35% complete for ST_FKDN25H000392-1A_22NWHGLT4_L5_2_val_2.fq.gz
Approx 40% complete for ST_FKDN25H000392-1A_22NWHGLT4_L5_2_val_2.fq.gz
Approx 45% complete for ST_FKDN25H000392-1A_22NWHGLT4_L5_2_val_2.fq.gz
Approx 50% complete for ST_FKDN25H000392-1A_22NWHGLT4_L5_2_val_2.fq.gz
Approx 55% complete for ST_FKDN25H000392-1A_22NWHGLT4_L5_2_val_2.fq.gz
Approx 60% complete for ST_FKDN25H000392-1A_22NWHGLT4_L5_2_val_2.fq.gz
Approx 65% complete for ST_FKDN25H000392-1A_22NWHGLT4_L5_2_val_2.fq.gz
Approx 70% complete for ST_FKDN25H000392-1A_22NWHGLT4_L5_2_val_2.fq.gz
Approx 75% complete for ST_FKDN25H000392-1A_22NWHGLT4_L5_2_val_2.fq.gz
Approx 80% complete for ST_FKDN25H000392-1A_22NWHGLT4_L5_2_val_2.fq.gz
Approx 85% complete for ST_FKDN25H000392-1A_22NWHGLT4_L5_2_val_2.fq.gz
Approx 90% complete for ST_FKDN25H000392-1A_22NWHGLT4_L5_2_val_2.fq.gz
Approx 95% complete for ST_FKDN25H000392-1A_22NWHGLT4_L5_2_val_2.fq.gz
Analysis complete for ST_FKDN25H000392-1A_22NWHGLT4_L5_2_val_2.fq.gz
Deleting both intermediate output files ST_FKDN25H000392-1A_22NWHGLT4_L5_1_trimmed.fq.gz and ST_FKDN25H000392-1A_22NWHGLT4_L5_2_trimmed.fq.gz

====================================================================================================

✓ TrimGalore completado para ST_FKDN25H000392-1A_22NWHGLT4_L5
✓ TrimGalore completado para todas las muestras
Archivos trimmed guardados en: /home_local/camda/shaday/barbara/trim/trimmed_reads

=== ARCHIVOS GENERADOS ===
-rw-rw-r-- 1 camda camda 2522906917 Jun 11 08:52 /home_local/camda/shaday/barbara/trim/trimmed_reads/CT_FKDN25H000391-1A_22NWHGLT4_L5_1_val_1.fq.gz
-rw-rw-r-- 1 camda camda 2578818784 Jun 11 08:52 /home_local/camda/shaday/barbara/trim/trimmed_reads/CT_FKDN25H000391-1A_22NWHGLT4_L5_2_val_2.fq.gz
-rw-rw-r-- 1 camda camda 2034421382 Jun 11 09:15 /home_local/camda/shaday/barbara/trim/trimmed_reads/ST_FKDN25H000392-1A_22NWHGLT4_L5_1_val_1.fq.gz
-rw-rw-r-- 1 camda camda 2086386721 Jun 11 09:15 /home_local/camda/shaday/barbara/trim/trimmed_reads/ST_FKDN25H000392-1A_22NWHGLT4_L5_2_val_2.fq.gz
-rw-rw-r-- 1 camda camda 615785 Jun 11 08:57 /home_local/camda/shaday/barbara/trim/trimmed_reads/CT_FKDN25H000391-1A_22NWHGLT4_L5_1_val_1_fastqc.html
-rw-rw-r-- 1 camda camda 609745 Jun 11 09:02 /home_local/camda/shaday/barbara/trim/trimmed_reads/CT_FKDN25H000391-1A_22NWHGLT4_L5_2_val_2_fastqc.html
-rw-rw-r-- 1 camda camda 608581 Jun 11 09:19 /home_local/camda/shaday/barbara/trim/trimmed_reads/ST_FKDN25H000392-1A_22NWHGLT4_L5_1_val_1_fastqc.html
-rw-rw-r-- 1 camda camda 617522 Jun 11 09:23 /home_local/camda/shaday/barbara/trim/trimmed_reads/ST_FKDN25H000392-1A_22NWHGLT4_L5_2_val_2_fastqc.html

=== ESTADÍSTICAS DE TRIMMING ===
Muestra: CT_FKDN25H000391-1A_22NWHGLT4_L5
  ✓ R1 trimmed: CT_FKDN25H000391-1A_22NWHGLT4_L5_1_val_1.fq.gz
  ✓ R2 trimmed: CT_FKDN25H000391-1A_22NWHGLT4_L5_2_val_2.fq.gz

Muestra: ST_FKDN25H000392-1A_22NWHGLT4_L5
  ✓ R1 trimmed: ST_FKDN25H000392-1A_22NWHGLT4_L5_1_val_1.fq.gz
  ✓ R2 trimmed: ST_FKDN25H000392-1A_22NWHGLT4_L5_2_val_2.fq.gz

